mode: set
github.com/dharmesh-b/example/memcached-operator/controllers/memcached_controller.go:59.101,65.16 4 0
github.com/dharmesh-b/example/memcached-operator/controllers/memcached_controller.go:77.2,79.42 3 0
github.com/dharmesh-b/example/memcached-operator/controllers/memcached_controller.go:95.2,96.34 2 0
github.com/dharmesh-b/example/memcached-operator/controllers/memcached_controller.go:110.2,115.57 3 0
github.com/dharmesh-b/example/memcached-operator/controllers/memcached_controller.go:121.2,122.58 2 0
github.com/dharmesh-b/example/memcached-operator/controllers/memcached_controller.go:131.2,131.27 1 0
github.com/dharmesh-b/example/memcached-operator/controllers/memcached_controller.go:65.16,66.29 1 0
github.com/dharmesh-b/example/memcached-operator/controllers/memcached_controller.go:71.3,73.28 2 0
github.com/dharmesh-b/example/memcached-operator/controllers/memcached_controller.go:66.29,70.4 2 0
github.com/dharmesh-b/example/memcached-operator/controllers/memcached_controller.go:79.42,83.17 4 0
github.com/dharmesh-b/example/memcached-operator/controllers/memcached_controller.go:88.3,88.41 1 0
github.com/dharmesh-b/example/memcached-operator/controllers/memcached_controller.go:83.17,86.4 2 0
github.com/dharmesh-b/example/memcached-operator/controllers/memcached_controller.go:89.8,89.23 1 0
github.com/dharmesh-b/example/memcached-operator/controllers/memcached_controller.go:89.23,92.3 2 0
github.com/dharmesh-b/example/memcached-operator/controllers/memcached_controller.go:96.34,99.17 3 0
github.com/dharmesh-b/example/memcached-operator/controllers/memcached_controller.go:106.3,106.53 1 0
github.com/dharmesh-b/example/memcached-operator/controllers/memcached_controller.go:99.17,102.4 2 0
github.com/dharmesh-b/example/memcached-operator/controllers/memcached_controller.go:115.57,118.3 2 0
github.com/dharmesh-b/example/memcached-operator/controllers/memcached_controller.go:122.58,125.17 3 0
github.com/dharmesh-b/example/memcached-operator/controllers/memcached_controller.go:125.17,128.4 2 0
github.com/dharmesh-b/example/memcached-operator/controllers/memcached_controller.go:135.72,140.2 1 0
github.com/dharmesh-b/example/memcached-operator/controllers/memcached_controller.go:144.101,179.2 5 0
github.com/dharmesh-b/example/memcached-operator/controllers/memcached_controller.go:181.56,183.2 1 0
github.com/dharmesh-b/example/memcached-operator/controllers/memcached_controller.go:185.46,187.27 2 0
github.com/dharmesh-b/example/memcached-operator/controllers/memcached_controller.go:190.2,190.17 1 0
github.com/dharmesh-b/example/memcached-operator/controllers/memcached_controller.go:187.27,189.3 1 0
